<?xml version="1.0" encoding="UTF-8"?>
<testsuite xmlns:xsi="http://www.w3.org/2001/XMLSchema-instance" xsi:noNamespaceSchemaLocation="https://maven.apache.org/surefire/maven-surefire-plugin/xsd/surefire-test-report-3.0.xsd" version="3.0" name="uk.ac.ucl.jsh.JshTest" time="0.055" tests="13" errors="0" skipped="0" failures="0">
  <properties>
[...]
</properties>
  <testcase name="testFactory" classname="uk.ac.ucl.jsh.JshTest" time="0"/>
  <testcase name="testCat" classname="uk.ac.ucl.jsh.JshTest" time="0"/>
  <testcase name="testCut" classname="uk.ac.ucl.jsh.JshTest" time="0.001"/>
  <testcase name="testPwd" classname="uk.ac.ucl.jsh.JshTest" time="0"/>
  <testcase name="testEcho" classname="uk.ac.ucl.jsh.JshTest" time="0"/>
  <testcase name="testFind" classname="uk.ac.ucl.jsh.JshTest" time="0"/>
  <testcase name="testGrep" classname="uk.ac.ucl.jsh.JshTest" time="0"/>
  <testcase name="testHead" classname="uk.ac.ucl.jsh.JshTest" time="0.016"/>
  <testcase name="testSort" classname="uk.ac.ucl.jsh.JshTest" time="0.003"/>
  <testcase name="testTail" classname="uk.ac.ucl.jsh.JshTest" time="0.022"/>
  <testcase name="testUniq" classname="uk.ac.ucl.jsh.JshTest" time="0.002"/>
  <testcase name="testLs" classname="uk.ac.ucl.jsh.JshTest" time="0"/>
  <testcase name="testUnsafe" classname="uk.ac.ucl.jsh.JshTest" time="0"/>
</testsuite>