<?xml version="1.0" encoding="UTF-8"?>
<testsuite xmlns:xsi="http://www.w3.org/2001/XMLSchema-instance" xsi:noNamespaceSchemaLocation="https://maven.apache.org/surefire/maven-surefire-plugin/xsd/surefire-test-report-3.0.xsd" version="3.0" name="uk.ac.ucl.jsh.AppTests.TailTest" time="0.161" tests="37" errors="0" skipped="0" failures="0">
  <properties>
[...]
</properties>
  <testcase name="test_tail_n_3_caps" classname="uk.ac.ucl.jsh.AppTests.TailTest" time="0.008"/>
  <testcase name="test_tail_n_0" classname="uk.ac.ucl.jsh.AppTests.TailTest" time="0.014"/>
  <testcase name="test_tail_n_1" classname="uk.ac.ucl.jsh.AppTests.TailTest" time="0.006"/>
  <testcase name="test_tail_n_3" classname="uk.ac.ucl.jsh.AppTests.TailTest" time="0.003"/>
  <testcase name="test_tail_nonexistent_file" classname="uk.ac.ucl.jsh.AppTests.TailTest" time="0.002"/>
  <testcase name="test_tail_four_args_without_n" classname="uk.ac.ucl.jsh.AppTests.TailTest" time="0"/>
  <testcase name="test_tail_five_args" classname="uk.ac.ucl.jsh.AppTests.TailTest" time="0"/>
  <testcase name="test_tail_three_args" classname="uk.ac.ucl.jsh.AppTests.TailTest" time="0.001"/>
  <testcase name="test_tail_missing_tail_count" classname="uk.ac.ucl.jsh.AppTests.TailTest" time="0"/>
  <testcase name="test_cat_pipe_tail" classname="uk.ac.ucl.jsh.AppTests.TailTest" time="0.003"/>
  <testcase name="testUnsafeUnsafe" classname="uk.ac.ucl.jsh.AppTests.TailTest" time="0"/>
  <testcase name="testUnsafeEcho" classname="uk.ac.ucl.jsh.AppTests.TailTest" time="0"/>
  <testcase name="testUnsafeFind" classname="uk.ac.ucl.jsh.AppTests.TailTest" time="0"/>
  <testcase name="testUnsafeGrep" classname="uk.ac.ucl.jsh.AppTests.TailTest" time="0.001"/>
  <testcase name="testUnsafeHead" classname="uk.ac.ucl.jsh.AppTests.TailTest" time="0"/>
  <testcase name="testUnsafeSort" classname="uk.ac.ucl.jsh.AppTests.TailTest" time="0.001"/>
  <testcase name="testUnsafeTail" classname="uk.ac.ucl.jsh.AppTests.TailTest" time="0"/>
  <testcase name="testUnsafeUniq" classname="uk.ac.ucl.jsh.AppTests.TailTest" time="0"/>
  <testcase name="testFactory" classname="uk.ac.ucl.jsh.AppTests.TailTest" time="0"/>
  <testcase name="testCat" classname="uk.ac.ucl.jsh.AppTests.TailTest" time="0.001"/>
  <testcase name="testCut" classname="uk.ac.ucl.jsh.AppTests.TailTest" time="0"/>
  <testcase name="testPwd" classname="uk.ac.ucl.jsh.AppTests.TailTest" time="0"/>
  <testcase name="testEcho" classname="uk.ac.ucl.jsh.AppTests.TailTest" time="0"/>
  <testcase name="testFind" classname="uk.ac.ucl.jsh.AppTests.TailTest" time="0"/>
  <testcase name="testGrep" classname="uk.ac.ucl.jsh.AppTests.TailTest" time="0.001"/>
  <testcase name="testHead" classname="uk.ac.ucl.jsh.AppTests.TailTest" time="0"/>
  <testcase name="testSort" classname="uk.ac.ucl.jsh.AppTests.TailTest" time="0"/>
  <testcase name="testTail" classname="uk.ac.ucl.jsh.AppTests.TailTest" time="0"/>
  <testcase name="testUniq" classname="uk.ac.ucl.jsh.AppTests.TailTest" time="0"/>
  <testcase name="testCd" classname="uk.ac.ucl.jsh.AppTests.TailTest" time="0.001"/>
  <testcase name="testLs" classname="uk.ac.ucl.jsh.AppTests.TailTest" time="0"/>
  <testcase name="testUnsafeCat" classname="uk.ac.ucl.jsh.AppTests.TailTest" time="0"/>
  <testcase name="testUnsafeCut" classname="uk.ac.ucl.jsh.AppTests.TailTest" time="0"/>
  <testcase name="testUnsafePwd" classname="uk.ac.ucl.jsh.AppTests.TailTest" time="0"/>
  <testcase name="testGlobbing" classname="uk.ac.ucl.jsh.AppTests.TailTest" time="0"/>
  <testcase name="testUnsafeCd" classname="uk.ac.ucl.jsh.AppTests.TailTest" time="0"/>
  <testcase name="testUnsafeLs" classname="uk.ac.ucl.jsh.AppTests.TailTest" time="0"/>
</testsuite>