<?xml version="1.0" encoding="UTF-8"?>
<testsuite xmlns:xsi="http://www.w3.org/2001/XMLSchema-instance" xsi:noNamespaceSchemaLocation="https://maven.apache.org/surefire/maven-surefire-plugin/xsd/surefire-test-report-3.0.xsd" version="3.0" name="uk.ac.ucl.jsh.AppTests.GrepTest" time="0.199" tests="37" errors="0" skipped="0" failures="0">
  <properties>
[...]
</properties>
  <testcase name="test_grep_file_arg" classname="uk.ac.ucl.jsh.AppTests.GrepTest" time="0.005"/>
  <testcase name="test_grep_anything" classname="uk.ac.ucl.jsh.AppTests.GrepTest" time="0.015"/>
  <testcase name="test_cat_grep" classname="uk.ac.ucl.jsh.AppTests.GrepTest" time="0.007"/>
  <testcase name="test_grep_simple_1" classname="uk.ac.ucl.jsh.AppTests.GrepTest" time="0.006"/>
  <testcase name="test_grep_simple_2" classname="uk.ac.ucl.jsh.AppTests.GrepTest" time="0.003"/>
  <testcase name="test_grep_dir_but_not_file" classname="uk.ac.ucl.jsh.AppTests.GrepTest" time="0.001"/>
  <testcase name="test_grep_wrong_nr_args" classname="uk.ac.ucl.jsh.AppTests.GrepTest" time="0"/>
  <testcase name="test_grep_dot_no_match" classname="uk.ac.ucl.jsh.AppTests.GrepTest" time="0.005"/>
  <testcase name="test_grep_mult_files" classname="uk.ac.ucl.jsh.AppTests.GrepTest" time="0.01"/>
  <testcase name="test_grep_nothing" classname="uk.ac.ucl.jsh.AppTests.GrepTest" time="0.014"/>
  <testcase name="testUnsafeUnsafe" classname="uk.ac.ucl.jsh.AppTests.GrepTest" time="0.001"/>
  <testcase name="testUnsafeEcho" classname="uk.ac.ucl.jsh.AppTests.GrepTest" time="0.001"/>
  <testcase name="testUnsafeFind" classname="uk.ac.ucl.jsh.AppTests.GrepTest" time="0"/>
  <testcase name="testUnsafeGrep" classname="uk.ac.ucl.jsh.AppTests.GrepTest" time="0.001"/>
  <testcase name="testUnsafeHead" classname="uk.ac.ucl.jsh.AppTests.GrepTest" time="0"/>
  <testcase name="testUnsafeSort" classname="uk.ac.ucl.jsh.AppTests.GrepTest" time="0"/>
  <testcase name="testUnsafeTail" classname="uk.ac.ucl.jsh.AppTests.GrepTest" time="0"/>
  <testcase name="testUnsafeUniq" classname="uk.ac.ucl.jsh.AppTests.GrepTest" time="0"/>
  <testcase name="testFactory" classname="uk.ac.ucl.jsh.AppTests.GrepTest" time="0"/>
  <testcase name="testCat" classname="uk.ac.ucl.jsh.AppTests.GrepTest" time="0"/>
  <testcase name="testCut" classname="uk.ac.ucl.jsh.AppTests.GrepTest" time="0"/>
  <testcase name="testPwd" classname="uk.ac.ucl.jsh.AppTests.GrepTest" time="0"/>
  <testcase name="testEcho" classname="uk.ac.ucl.jsh.AppTests.GrepTest" time="0"/>
  <testcase name="testFind" classname="uk.ac.ucl.jsh.AppTests.GrepTest" time="0"/>
  <testcase name="testGrep" classname="uk.ac.ucl.jsh.AppTests.GrepTest" time="0"/>
  <testcase name="testHead" classname="uk.ac.ucl.jsh.AppTests.GrepTest" time="0.001"/>
  <testcase name="testSort" classname="uk.ac.ucl.jsh.AppTests.GrepTest" time="0"/>
  <testcase name="testTail" classname="uk.ac.ucl.jsh.AppTests.GrepTest" time="0.001"/>
  <testcase name="testUniq" classname="uk.ac.ucl.jsh.AppTests.GrepTest" time="0"/>
  <testcase name="testCd" classname="uk.ac.ucl.jsh.AppTests.GrepTest" time="0"/>
  <testcase name="testLs" classname="uk.ac.ucl.jsh.AppTests.GrepTest" time="0"/>
  <testcase name="testUnsafeCat" classname="uk.ac.ucl.jsh.AppTests.GrepTest" time="0"/>
  <testcase name="testUnsafeCut" classname="uk.ac.ucl.jsh.AppTests.GrepTest" time="0"/>
  <testcase name="testUnsafePwd" classname="uk.ac.ucl.jsh.AppTests.GrepTest" time="0"/>
  <testcase name="testGlobbing" classname="uk.ac.ucl.jsh.AppTests.GrepTest" time="0"/>
  <testcase name="testUnsafeCd" classname="uk.ac.ucl.jsh.AppTests.GrepTest" time="0.001"/>
  <testcase name="testUnsafeLs" classname="uk.ac.ucl.jsh.AppTests.GrepTest" time="0"/>
</testsuite>