-------------------------------------------------------------------------------
Test set: uk.ac.ucl.jsh.AppTests.CatTest
-------------------------------------------------------------------------------
Tests run: 1, Failures: 0, Errors: 1, Skipped: 0, Time elapsed: 0.156 s <<< FAILURE! - in uk.ac.ucl.jsh.AppTests.CatTest
initializationError(uk.ac.ucl.jsh.AppTests.CatTest)  Time elapsed: 0.034 s  <<< ERROR!
java.lang.ClassCastException: class uk.ac.ucl.jsh.AppTests.CatTest

