-------------------------------------------------------------------------------
Test set: uk.ac.ucl.jsh.AppTests.CutTest
-------------------------------------------------------------------------------
Tests run: 2, Failures: 0, Errors: 2, Skipped: 0, Time elapsed: 0.017 s <<< FAILURE! - in uk.ac.ucl.jsh.AppTests.CutTest
uk.ac.ucl.jsh.AppTests.CutTest  Time elapsed: 0.016 s  <<< ERROR!
java.io.IOException: Failed to create file

uk.ac.ucl.jsh.AppTests.CutTest  Time elapsed: 0.017 s  <<< ERROR!
java.io.IOException

