-------------------------------------------------------------------------------
Test set: uk.ac.ucl.jsh.AppTests.CdTest
-------------------------------------------------------------------------------
Tests run: 2, Failures: 0, Errors: 2, Skipped: 0, Time elapsed: 0.267 s <<< FAILURE! - in uk.ac.ucl.jsh.AppTests.CdTest
uk.ac.ucl.jsh.AppTests.CdTest  Time elapsed: 0.267 s  <<< ERROR!
java.io.IOException: Failed to create file

uk.ac.ucl.jsh.AppTests.CdTest  Time elapsed: 0.267 s  <<< ERROR!
java.io.IOException

