-------------------------------------------------------------------------------
Test set: uk.ac.ucl.jsh.AppTests.EchoTest
-------------------------------------------------------------------------------
Tests run: 2, Failures: 0, Errors: 2, Skipped: 0, Time elapsed: 0.029 s <<< FAILURE! - in uk.ac.ucl.jsh.AppTests.EchoTest
uk.ac.ucl.jsh.AppTests.EchoTest  Time elapsed: 0.029 s  <<< ERROR!
java.io.IOException: Failed to create file

uk.ac.ucl.jsh.AppTests.EchoTest  Time elapsed: 0.029 s  <<< ERROR!
java.io.IOException

